<?xml version="1.0" encoding="UTF-8"?>
<testng-results ignored="0" total="1" passed="1" failed="0" skipped="0">
  <reporter-output>
  </reporter-output>
  <suite started-at="2024-04-11T22:19:08 IST" name="Default suite" finished-at="2024-04-11T22:22:09 IST" duration-ms="181202">
    <groups>
    </groups>
    <test started-at="2024-04-11T22:19:08 IST" name="Default test" finished-at="2024-04-11T22:22:09 IST" duration-ms="181202">
      <class name="test.A2Zmatrimony_logintest">
        <test-method is-config="true" signature="Web()[pri:0, instance:test.A2Zmatrimony_logintest@54bff557]" started-at="2024-04-11T22:19:08 IST" name="Web" finished-at="2024-04-11T22:19:56 IST" duration-ms="47901" status="PASS">
          <reporter-output>
          </reporter-output>
        </test-method> <!-- Web -->
        <test-method signature="Matrimonytest()[pri:0, instance:test.A2Zmatrimony_logintest@54bff557]" started-at="2024-04-11T22:19:56 IST" name="Matrimonytest" finished-at="2024-04-11T22:21:57 IST" duration-ms="120468" status="PASS">
          <reporter-output>
          </reporter-output>
        </test-method> <!-- Matrimonytest -->
        <test-method is-config="true" signature="Close()[pri:0, instance:test.A2Zmatrimony_logintest@54bff557]" started-at="2024-04-11T22:21:57 IST" name="Close" finished-at="2024-04-11T22:22:09 IST" duration-ms="12685" status="PASS">
          <reporter-output>
          </reporter-output>
        </test-method> <!-- Close -->
      </class> <!-- test.A2Zmatrimony_logintest -->
    </test> <!-- Default test -->
  </suite> <!-- Default suite -->
</testng-results>
